   1 0000 DATA1 SEGMENT
   2 0000 15 VB DB 10101B
   3 0001 54455354494E47 STRING DB 'TESTING'
   4 0008 0007 VW DW 7
   5 000A 0000003D GOADDR DD GO2
   6 000E DATA1 ENDS
   7 0000 
   8 0000 DATA2 SEGMENT
   9 0000 FFADFB00 VD DD 0FBADFFH
  10 0004 DATA2 ENDS
  11 0000 
  12 0000 
  13 0000 CODE1 SEGMENT
  14 0000 ASSUME DS:DATA1, CS:CODE1, SS:DATA2
  15 0000 F7 D9 NEG ECX
  16 0002 50 PUSH EAX
  17 0003 58 POPEAX
  18 0004 36: 8F 84B2 00000000 POP VD[EDX+ESI*4]
  19 000C 8F 8473 0000000A POP GOADDR[EBX+ESI*2]
  20 0013 0F8E 00000036 JLE LABEL1
  21 0019 36: 8B B4B6 00000000 MOV ESI, VD[ESI+ESI*4]
  22 0021 8A 84BE 00000000 MOV AL, VB[ESI+EDI*4]
  23 0028 36: 8B 9C50 00000000 MOV EBX,VD[EAX+EDX*2]
  24 0030 36: 85 8C90 00000000 TEST SS:VD[EAX+EDX*4],ECX
  25 0038 LABEL1:
  26 0038 EA 00000000 JMP GO1
  27 003F 
  28 003F GO2:
  29 003F 90 NOP
  30 0040 90 NOP
  31 0041 90 NOP
  32 0042 7E FA JLE GO2
  33 0044 
  34 0044 CODE1 ENDS
  35 0000 
  36 0000 CODE2 SEGMENT
  37 0000 ASSUME CS:CODE2, DS:DATA1
  38 0000 GO1:
  39 0000 36: 85 847E 00000000 TEST VD[ESI+EDI*2],EAX
  40 0008 FF 25 0000000A JMP GOADDR
  41 000E CODE2 ENDS
  42 0000 
  43 0000 END

      Name|    Length
     DATA1|         E
     DATA2|         4
     CODE1|        44
     CODE2|         E

      Name|      Type|     Value|      Attr
        VB|      BYTE|         0|     DATA1
    STRING|      BYTE|         1|     DATA1
        VW|      WORD|         8|     DATA1
    GOADDR|     DWORD|         A|     DATA1
        VD|     DWORD|         0|     DATA2
    LABEL1|    L NEAR|        36|     CODE1
       GO2|    L NEAR|        3D|     CODE1
       GO1|    L NEAR|         0|     CODE2

	Errors : 0
